Linked: (/workspace/devel/.private/raspicam_node/share/common-lisp/ros/raspicam_node/msg/_package.lisp, /workspace/devel/share/common-lisp/ros/raspicam_node/msg/_package.lisp)
Linked: (/workspace/devel/.private/raspicam_node/share/common-lisp/ros/raspicam_node/msg/MotionVectors.lisp, /workspace/devel/share/common-lisp/ros/raspicam_node/msg/MotionVectors.lisp)
Linked: (/workspace/devel/.private/raspicam_node/share/common-lisp/ros/raspicam_node/msg/_package_MotionVectors.lisp, /workspace/devel/share/common-lisp/ros/raspicam_node/msg/_package_MotionVectors.lisp)
Linked: (/workspace/devel/.private/raspicam_node/share/common-lisp/ros/raspicam_node/msg/raspicam_node-msg.asd, /workspace/devel/share/common-lisp/ros/raspicam_node/msg/raspicam_node-msg.asd)
Linked: (/workspace/devel/.private/raspicam_node/share/roseus/ros/raspicam_node/manifest.l, /workspace/devel/share/roseus/ros/raspicam_node/manifest.l)
Linked: (/workspace/devel/.private/raspicam_node/share/roseus/ros/raspicam_node/msg/MotionVectors.l, /workspace/devel/share/roseus/ros/raspicam_node/msg/MotionVectors.l)
Linked: (/workspace/devel/.private/raspicam_node/share/raspicam_node/cmake/raspicam_node-msg-extras.cmake, /workspace/devel/share/raspicam_node/cmake/raspicam_node-msg-extras.cmake)
Linked: (/workspace/devel/.private/raspicam_node/share/raspicam_node/cmake/raspicam_nodeConfig.cmake, /workspace/devel/share/raspicam_node/cmake/raspicam_nodeConfig.cmake)
Linked: (/workspace/devel/.private/raspicam_node/share/raspicam_node/cmake/raspicam_node-msg-paths.cmake, /workspace/devel/share/raspicam_node/cmake/raspicam_node-msg-paths.cmake)
Linked: (/workspace/devel/.private/raspicam_node/share/raspicam_node/cmake/raspicam_nodeConfig-version.cmake, /workspace/devel/share/raspicam_node/cmake/raspicam_nodeConfig-version.cmake)
Linked: (/workspace/devel/.private/raspicam_node/share/raspicam_node/docs/CameraConfig-usage.dox, /workspace/devel/share/raspicam_node/docs/CameraConfig-usage.dox)
Linked: (/workspace/devel/.private/raspicam_node/share/raspicam_node/docs/CameraConfig.dox, /workspace/devel/share/raspicam_node/docs/CameraConfig.dox)
Linked: (/workspace/devel/.private/raspicam_node/share/raspicam_node/docs/CameraConfig.wikidoc, /workspace/devel/share/raspicam_node/docs/CameraConfig.wikidoc)
Linked: (/workspace/devel/.private/raspicam_node/share/gennodejs/ros/raspicam_node/_index.js, /workspace/devel/share/gennodejs/ros/raspicam_node/_index.js)
Linked: (/workspace/devel/.private/raspicam_node/share/gennodejs/ros/raspicam_node/msg/MotionVectors.js, /workspace/devel/share/gennodejs/ros/raspicam_node/msg/MotionVectors.js)
Linked: (/workspace/devel/.private/raspicam_node/share/gennodejs/ros/raspicam_node/msg/_index.js, /workspace/devel/share/gennodejs/ros/raspicam_node/msg/_index.js)
Linked: (/workspace/devel/.private/raspicam_node/include/raspicam_node/MotionVectors.h, /workspace/devel/include/raspicam_node/MotionVectors.h)
Linked: (/workspace/devel/.private/raspicam_node/include/raspicam_node/CameraConfig.h, /workspace/devel/include/raspicam_node/CameraConfig.h)
Linked: (/workspace/devel/.private/raspicam_node/lib/raspicam_node/raspicam_node, /workspace/devel/lib/raspicam_node/raspicam_node)
Linked: (/workspace/devel/.private/raspicam_node/lib/pkgconfig/raspicam_node.pc, /workspace/devel/lib/pkgconfig/raspicam_node.pc)
Linked: (/workspace/devel/.private/raspicam_node/lib/python3/dist-packages/raspicam_node/__init__.py, /workspace/devel/lib/python3/dist-packages/raspicam_node/__init__.py)
Linked: (/workspace/devel/.private/raspicam_node/lib/python3/dist-packages/raspicam_node/cfg/CameraConfig.py, /workspace/devel/lib/python3/dist-packages/raspicam_node/cfg/CameraConfig.py)
Linked: (/workspace/devel/.private/raspicam_node/lib/python3/dist-packages/raspicam_node/cfg/__init__.py, /workspace/devel/lib/python3/dist-packages/raspicam_node/cfg/__init__.py)
Linked: (/workspace/devel/.private/raspicam_node/lib/python3/dist-packages/raspicam_node/msg/_MotionVectors.py, /workspace/devel/lib/python3/dist-packages/raspicam_node/msg/_MotionVectors.py)
Linked: (/workspace/devel/.private/raspicam_node/lib/python3/dist-packages/raspicam_node/msg/__init__.py, /workspace/devel/lib/python3/dist-packages/raspicam_node/msg/__init__.py)
