Linked: (/workspace/devel/.private/my_super_robot_controller/lib/python3/dist-packages/my_super_robot_controller/__init__.py, /workspace/devel/lib/python3/dist-packages/my_super_robot_controller/__init__.py)
Linked: (/workspace/devel/.private/my_super_robot_controller/lib/python3/dist-packages/my_super_robot_controller/msg/__init__.py, /workspace/devel/lib/python3/dist-packages/my_super_robot_controller/msg/__init__.py)
Linked: (/workspace/devel/.private/my_super_robot_controller/lib/python3/dist-packages/my_super_robot_controller/msg/_my_Num.py, /workspace/devel/lib/python3/dist-packages/my_super_robot_controller/msg/_my_Num.py)
Linked: (/workspace/devel/.private/my_super_robot_controller/lib/python3/dist-packages/my_super_robot_controller/msg/_Num.py, /workspace/devel/lib/python3/dist-packages/my_super_robot_controller/msg/_Num.py)
Linked: (/workspace/devel/.private/my_super_robot_controller/lib/pkgconfig/my_super_robot_controller.pc, /workspace/devel/lib/pkgconfig/my_super_robot_controller.pc)
Linked: (/workspace/devel/.private/my_super_robot_controller/share/roseus/ros/my_super_robot_controller/manifest.l, /workspace/devel/share/roseus/ros/my_super_robot_controller/manifest.l)
Linked: (/workspace/devel/.private/my_super_robot_controller/share/roseus/ros/my_super_robot_controller/msg/my_Num.l, /workspace/devel/share/roseus/ros/my_super_robot_controller/msg/my_Num.l)
Linked: (/workspace/devel/.private/my_super_robot_controller/share/roseus/ros/my_super_robot_controller/msg/Num.l, /workspace/devel/share/roseus/ros/my_super_robot_controller/msg/Num.l)
Linked: (/workspace/devel/.private/my_super_robot_controller/share/my_super_robot_controller/cmake/my_super_robot_controllerConfig.cmake, /workspace/devel/share/my_super_robot_controller/cmake/my_super_robot_controllerConfig.cmake)
Linked: (/workspace/devel/.private/my_super_robot_controller/share/my_super_robot_controller/cmake/my_super_robot_controller-msg-extras.cmake, /workspace/devel/share/my_super_robot_controller/cmake/my_super_robot_controller-msg-extras.cmake)
Linked: (/workspace/devel/.private/my_super_robot_controller/share/my_super_robot_controller/cmake/my_super_robot_controllerConfig-version.cmake, /workspace/devel/share/my_super_robot_controller/cmake/my_super_robot_controllerConfig-version.cmake)
Linked: (/workspace/devel/.private/my_super_robot_controller/share/my_super_robot_controller/cmake/my_super_robot_controller-msg-paths.cmake, /workspace/devel/share/my_super_robot_controller/cmake/my_super_robot_controller-msg-paths.cmake)
Linked: (/workspace/devel/.private/my_super_robot_controller/share/gennodejs/ros/my_super_robot_controller/_index.js, /workspace/devel/share/gennodejs/ros/my_super_robot_controller/_index.js)
Linked: (/workspace/devel/.private/my_super_robot_controller/share/gennodejs/ros/my_super_robot_controller/msg/Num.js, /workspace/devel/share/gennodejs/ros/my_super_robot_controller/msg/Num.js)
Linked: (/workspace/devel/.private/my_super_robot_controller/share/gennodejs/ros/my_super_robot_controller/msg/my_Num.js, /workspace/devel/share/gennodejs/ros/my_super_robot_controller/msg/my_Num.js)
Linked: (/workspace/devel/.private/my_super_robot_controller/share/gennodejs/ros/my_super_robot_controller/msg/_index.js, /workspace/devel/share/gennodejs/ros/my_super_robot_controller/msg/_index.js)
Linked: (/workspace/devel/.private/my_super_robot_controller/share/common-lisp/ros/my_super_robot_controller/msg/Num.lisp, /workspace/devel/share/common-lisp/ros/my_super_robot_controller/msg/Num.lisp)
Linked: (/workspace/devel/.private/my_super_robot_controller/share/common-lisp/ros/my_super_robot_controller/msg/_package_Num.lisp, /workspace/devel/share/common-lisp/ros/my_super_robot_controller/msg/_package_Num.lisp)
Linked: (/workspace/devel/.private/my_super_robot_controller/share/common-lisp/ros/my_super_robot_controller/msg/my_super_robot_controller-msg.asd, /workspace/devel/share/common-lisp/ros/my_super_robot_controller/msg/my_super_robot_controller-msg.asd)
Linked: (/workspace/devel/.private/my_super_robot_controller/share/common-lisp/ros/my_super_robot_controller/msg/_package_my_Num.lisp, /workspace/devel/share/common-lisp/ros/my_super_robot_controller/msg/_package_my_Num.lisp)
Linked: (/workspace/devel/.private/my_super_robot_controller/share/common-lisp/ros/my_super_robot_controller/msg/_package.lisp, /workspace/devel/share/common-lisp/ros/my_super_robot_controller/msg/_package.lisp)
Linked: (/workspace/devel/.private/my_super_robot_controller/share/common-lisp/ros/my_super_robot_controller/msg/my_Num.lisp, /workspace/devel/share/common-lisp/ros/my_super_robot_controller/msg/my_Num.lisp)
Linked: (/workspace/devel/.private/my_super_robot_controller/include/my_super_robot_controller/my_Num.h, /workspace/devel/include/my_super_robot_controller/my_Num.h)
Linked: (/workspace/devel/.private/my_super_robot_controller/include/my_super_robot_controller/Num.h, /workspace/devel/include/my_super_robot_controller/Num.h)
