Symlinking /workspace/devel/lib/python3/dist-packages/my_super_robot_controller/__init__.py
Symlinking /workspace/devel/lib/python3/dist-packages/my_super_robot_controller/msg/__init__.py
Symlinking /workspace/devel/lib/python3/dist-packages/my_super_robot_controller/msg/_my_Num.py
Symlinking /workspace/devel/lib/python3/dist-packages/my_super_robot_controller/msg/_Num.py
Symlinking /workspace/devel/lib/pkgconfig/my_super_robot_controller.pc
Symlinking /workspace/devel/share/roseus/ros/my_super_robot_controller/manifest.l
Symlinking /workspace/devel/share/roseus/ros/my_super_robot_controller/msg/my_Num.l
Symlinking /workspace/devel/share/roseus/ros/my_super_robot_controller/msg/Num.l
Symlinking /workspace/devel/share/my_super_robot_controller/cmake/my_super_robot_controllerConfig.cmake
Symlinking /workspace/devel/share/my_super_robot_controller/cmake/my_super_robot_controller-msg-extras.cmake
Symlinking /workspace/devel/share/my_super_robot_controller/cmake/my_super_robot_controllerConfig-version.cmake
Symlinking /workspace/devel/share/my_super_robot_controller/cmake/my_super_robot_controller-msg-paths.cmake
Symlinking /workspace/devel/share/gennodejs/ros/my_super_robot_controller/_index.js
Symlinking /workspace/devel/share/gennodejs/ros/my_super_robot_controller/msg/Num.js
Symlinking /workspace/devel/share/gennodejs/ros/my_super_robot_controller/msg/my_Num.js
Symlinking /workspace/devel/share/gennodejs/ros/my_super_robot_controller/msg/_index.js
Symlinking /workspace/devel/share/common-lisp/ros/my_super_robot_controller/msg/Num.lisp
Symlinking /workspace/devel/share/common-lisp/ros/my_super_robot_controller/msg/_package_Num.lisp
Symlinking /workspace/devel/share/common-lisp/ros/my_super_robot_controller/msg/my_super_robot_controller-msg.asd
Symlinking /workspace/devel/share/common-lisp/ros/my_super_robot_controller/msg/_package_my_Num.lisp
Symlinking /workspace/devel/share/common-lisp/ros/my_super_robot_controller/msg/_package.lisp
Symlinking /workspace/devel/share/common-lisp/ros/my_super_robot_controller/msg/my_Num.lisp
Symlinking /workspace/devel/include/my_super_robot_controller/my_Num.h
Symlinking /workspace/devel/include/my_super_robot_controller/Num.h
