[35m[1mScanning dependencies of target _my_super_robot_controller_generate_messages_check_deps_my_Num[0m
[35m[1mScanning dependencies of target _my_super_robot_controller_generate_messages_check_deps_Num[0m
[35m[1mScanning dependencies of target std_msgs_generate_messages_cpp[0m
[35m[1mScanning dependencies of target std_msgs_generate_messages_lisp[0m
[35m[1mScanning dependencies of target std_msgs_generate_messages_py[0m
[35m[1mScanning dependencies of target std_msgs_generate_messages_nodejs[0m
[35m[1mScanning dependencies of target std_msgs_generate_messages_eus[0m
[  0%] Built target std_msgs_generate_messages_lisp
[  0%] Built target std_msgs_generate_messages_cpp
[  0%] Built target std_msgs_generate_messages_nodejs
[  0%] Built target std_msgs_generate_messages_py
[  0%] Built target std_msgs_generate_messages_eus
[  0%] Built target _my_super_robot_controller_generate_messages_check_deps_Num
[  0%] Built target _my_super_robot_controller_generate_messages_check_deps_my_Num
[35m[1mScanning dependencies of target my_super_robot_controller_generate_messages_eus[0m
[35m[1mScanning dependencies of target my_super_robot_controller_generate_messages_lisp[0m
[35m[1mScanning dependencies of target my_super_robot_controller_generate_messages_py[0m
[35m[1mScanning dependencies of target my_super_robot_controller_generate_messages_nodejs[0m
[  8%] [34m[1mGenerating Python from MSG my_super_robot_controller/Num[0m
[35m[1mScanning dependencies of target my_super_robot_controller_generate_messages_cpp[0m
[ 16%] [34m[1mGenerating EusLisp code from my_super_robot_controller/Num.msg[0m
[ 25%] [34m[1mGenerating Javascript code from my_super_robot_controller/Num.msg[0m
[ 33%] [34m[1mGenerating EusLisp manifest code for my_super_robot_controller[0m
[ 41%] [34m[1mGenerating EusLisp code from my_super_robot_controller/my_Num.msg[0m
[ 50%] [34m[1mGenerating Lisp code from my_super_robot_controller/Num.msg[0m
[ 58%] [34m[1mGenerating C++ code from my_super_robot_controller/Num.msg[0m
[ 66%] [34m[1mGenerating Javascript code from my_super_robot_controller/my_Num.msg[0m
[ 75%] [34m[1mGenerating Lisp code from my_super_robot_controller/my_Num.msg[0m
[ 83%] [34m[1mGenerating C++ code from my_super_robot_controller/my_Num.msg[0m
[ 91%] [34m[1mGenerating Python from MSG my_super_robot_controller/my_Num[0m
[ 91%] Built target my_super_robot_controller_generate_messages_nodejs
[ 91%] Built target my_super_robot_controller_generate_messages_lisp
[100%] [34m[1mGenerating Python msg __init__.py for my_super_robot_controller[0m
[100%] Built target my_super_robot_controller_generate_messages_cpp
[100%] Built target my_super_robot_controller_generate_messages_py
[100%] Built target my_super_robot_controller_generate_messages_eus
[35m[1mScanning dependencies of target my_super_robot_controller_generate_messages[0m
[100%] Built target my_super_robot_controller_generate_messages
